-------------------------------------------------------------------------------
Test set: calendar.TimeTableTest
-------------------------------------------------------------------------------
Tests run: 4, Failures: 0, Errors: 4, Skipped: 0, Time elapsed: 0.458 sec <<< FAILURE! - in calendar.TimeTableTest
test01(calendar.TimeTableTest)  Time elapsed: 0.366 sec  <<< ERROR!
calendar.DateOutOfRangeException: Second date specified is not  before the first date specified.
	at calendar.TimeTable.getApptRange(TimeTable.java:40)
	at calendar.TimeTableTest.test01(TimeTableTest.java:129)

test02(calendar.TimeTableTest)  Time elapsed: 0 sec  <<< ERROR!
calendar.DateOutOfRangeException: Second date specified is not  before the first date specified.
	at calendar.TimeTable.getApptRange(TimeTable.java:40)
	at calendar.TimeTableTest.test02(TimeTableTest.java:254)

deleteFromTable(calendar.TimeTableTest)  Time elapsed: 0 sec  <<< ERROR!
calendar.DateOutOfRangeException: Second date specified is not  before the first date specified.
	at calendar.TimeTable.getApptRange(TimeTable.java:40)
	at calendar.TimeTableTest.deleteFromTable(TimeTableTest.java:314)

recurse(calendar.TimeTableTest)  Time elapsed: 0 sec  <<< ERROR!
calendar.DateOutOfRangeException: Second date specified is not  before the first date specified.
	at calendar.TimeTable.getApptRange(TimeTable.java:40)
	at calendar.TimeTableTest.recurse(TimeTableTest.java:375)

